This is pdfTeX, Version 3.14159265-2.6-1.40.17 (MiKTeX 2.9) (preloaded format=pdflatex 2016.8.29)  17 NOV 2016 14:43
entering extended mode
**G:/Administrator/My_Codes/Latex/Presentation/opponent_report.tex
(G:/Administrator/My_Codes/Latex/Presentation/opponent_report.tex
LaTeX2e <2016/03/31> patch level 3
Babel <3.9r> and hyphenation patterns for 75 language(s) loaded.
("C:\Program Files\MiKTeX 2.9\tex\latex\base\article.cls"
Document Class: article 2014/09/29 v1.4h Standard LaTeX document class
("C:\Program Files\MiKTeX 2.9\tex\latex\base\size11.clo"
File: size11.clo 2014/09/29 v1.4h Standard LaTeX file (size option)
)
\c@part=\count79
\c@section=\count80
\c@subsection=\count81
\c@subsubsection=\count82
\c@paragraph=\count83
\c@subparagraph=\count84
\c@figure=\count85
\c@table=\count86
\abovecaptionskip=\skip41
\belowcaptionskip=\skip42
\bibindent=\dimen102
)
("C:\Program Files\MiKTeX 2.9\tex\generic\babel\babel.sty"
Package: babel 2016/04/23 3.9r The Babel package

*************************************
* Local config file bblopts.cfg used
*
("C:\Program Files\MiKTeX 2.9\tex\latex\arabi\bblopts.cfg"
File: bblopts.cfg 2005/09/08 v0.1 add Arabic and Farsi to "declared" options of
 babel
)
("C:\Program Files\MiKTeX 2.9\tex\latex\babel-english\english.ldf"
Language: english 2012/08/20 v3.3p English support from the babel system

("C:\Program Files\MiKTeX 2.9\tex\generic\babel\babel.def"
File: babel.def 2016/04/23 3.9r Babel common definitions
\babel@savecnt=\count87
\U@D=\dimen103
)
\l@canadian = a dialect from \language\l@american 
\l@australian = a dialect from \language\l@british 
\l@newzealand = a dialect from \language\l@british 
))
(opponent_report.aux)
\openout1 = `opponent_report.aux'.

LaTeX Font Info:    Checking defaults for OML/cmm/m/it on input line 6.
LaTeX Font Info:    ... okay on input line 6.
LaTeX Font Info:    Checking defaults for T1/cmr/m/n on input line 6.
LaTeX Font Info:    ... okay on input line 6.
LaTeX Font Info:    Checking defaults for OT1/cmr/m/n on input line 6.
LaTeX Font Info:    ... okay on input line 6.
LaTeX Font Info:    Checking defaults for OMS/cmsy/m/n on input line 6.
LaTeX Font Info:    ... okay on input line 6.
LaTeX Font Info:    Checking defaults for OMX/cmex/m/n on input line 6.
LaTeX Font Info:    ... okay on input line 6.
LaTeX Font Info:    Checking defaults for U/cmr/m/n on input line 6.
LaTeX Font Info:    ... okay on input line 6.

Overfull \hbox (17.0pt too wide) in paragraph at lines 8--9
[][] 
 []


LaTeX Font Warning: Font shape `OT1/cmr/bx/sc' undefined
(Font)              using `OT1/cmr/bx/n' instead on input line 26.


Overfull \hbox (17.0pt too wide) in paragraph at lines 12--45
[][] 
 []


Underfull \hbox (badness 10000) in paragraph at lines 12--45

 []


Underfull \hbox (badness 10000) in paragraph at lines 12--45

 []


Underfull \hbox (badness 10000) in paragraph at lines 12--45

 []


Underfull \hbox (badness 10000) in paragraph at lines 12--45

 []


Underfull \hbox (badness 10000) in paragraph at lines 12--45

 []


Underfull \hbox (badness 10000) in paragraph at lines 12--45

 []


Underfull \hbox (badness 10000) in paragraph at lines 12--45

 []


Underfull \hbox (badness 10000) in paragraph at lines 12--45

 []


Underfull \hbox (badness 10000) in paragraph at lines 12--45

 []


Underfull \hbox (badness 10000) in paragraph at lines 12--45

 []


Underfull \hbox (badness 10000) in paragraph at lines 12--45

 []


Underfull \hbox (badness 10000) in paragraph at lines 12--45

 []


Underfull \hbox (badness 10000) in paragraph at lines 12--45

 []


Underfull \hbox (badness 10000) in paragraph at lines 12--45

 []


Underfull \hbox (badness 10000) in paragraph at lines 12--45

 []


Underfull \hbox (badness 10000) in paragraph at lines 12--45

 []


Underfull \hbox (badness 10000) in paragraph at lines 12--45

 []


Underfull \hbox (badness 10000) in paragraph at lines 12--45

 []


Underfull \hbox (badness 10000) in paragraph at lines 12--45

 []


Underfull \hbox (badness 10000) in paragraph at lines 12--45

 []


Underfull \hbox (badness 10000) in paragraph at lines 12--45

 []


Underfull \hbox (badness 10000) in paragraph at lines 12--45

 []


Underfull \hbox (badness 10000) in paragraph at lines 12--45

 []


Underfull \hbox (badness 10000) in paragraph at lines 12--45

 []


Underfull \hbox (badness 10000) in paragraph at lines 12--45

 []


Underfull \hbox (badness 10000) in paragraph at lines 12--45

 []

[1

{C:/ProgramData/MiKTeX/2.9/pdftex/config/pdftex.map}] [2]
(opponent_report.aux)

LaTeX Font Warning: Some font shapes were not available, defaults substituted.

 ) 
Here is how much of TeX's memory you used:
 638 strings out of 493334
 7869 string characters out of 3139264
 70351 words of memory out of 3000000
 4232 multiletter control sequences out of 15000+200000
 5799 words of font info for 21 fonts, out of 3000000 for 9000
 1141 hyphenation exceptions out of 8191
 24i,4n,23p,226b,107s stack positions out of 5000i,500n,10000p,200000b,50000s
<C:/Program Files/MiKTeX 2.9/fonts/type1/public/amsfonts/cm/cmbx12.pfb><C:/Pr
ogram Files/MiKTeX 2.9/fonts/type1/public/amsfonts/cm/cmcsc10.pfb><C:/Program F
iles/MiKTeX 2.9/fonts/type1/public/amsfonts/cm/cmr10.pfb><C:/Program Files/MiKT
eX 2.9/fonts/type1/public/amsfonts/cm/cmti12.pfb>
Output written on opponent_report.pdf (2 pages, 63121 bytes).
PDF statistics:
 25 PDF objects out of 1000 (max. 8388607)
 0 named destinations out of 1000 (max. 500000)
 1 words of extra memory for PDF output out of 10000 (max. 10000000)

